{
  "RSpec": {
    "coverage": {
      "/home/maricruiz/campuscode/project/config/environment.rb": {
        "lines": [
          null,
          1,
          null,
          null,
          1
        ]
      },
      "/home/maricruiz/campuscode/project/config/application.rb": {
        "lines": [
          1,
          null,
          1,
          null,
          1,
          1,
          1,
          1,
          1,
          1,
          null,
          1,
          1,
          null,
          1,
          null,
          null,
          null,
          null,
          1,
          null,
          1,
          1,
          null,
          1,
          null,
          null,
          null,
          null,
          null,
          null,
          1,
          null,
          null,
          null,
          1,
          null,
          null
        ]
      },
      "/home/maricruiz/campuscode/project/config/boot.rb": {
        "lines": [
          1,
          null,
          1,
          1
        ]
      },
      "/home/maricruiz/campuscode/project/config/environments/test.rb": {
        "lines": [
          1,
          null,
          null,
          null,
          null,
          null,
          null,
          1,
          null,
          null,
          1,
          1,
          null,
          null,
          null,
          null,
          1,
          null,
          null,
          1,
          1,
          null,
          null,
          null,
          null,
          1,
          1,
          1,
          null,
          null,
          1,
          null,
          null,
          1,
          null,
          null,
          1,
          null,
          1,
          null,
          null,
          null,
          null,
          1,
          null,
          null,
          1,
          null,
          null,
          1,
          null,
          null,
          1,
          null,
          null,
          null,
          null,
          null,
          null,
          null
        ]
      },
      "/home/maricruiz/campuscode/project/config/initializers/application_controller_renderer.rb": {
        "lines": [
          null,
          null,
          null,
          null,
          null,
          null,
          null,
          null
        ]
      },
      "/home/maricruiz/campuscode/project/config/initializers/assets.rb": {
        "lines": [
          null,
          null,
          null,
          1,
          null,
          null,
          null,
          null,
          1,
          null,
          null,
          null,
          null,
          null
        ]
      },
      "/home/maricruiz/campuscode/project/config/initializers/backtrace_silencers.rb": {
        "lines": [
          null,
          null,
          null,
          null,
          null,
          null,
          null,
          1
        ]
      },
      "/home/maricruiz/campuscode/project/config/initializers/content_security_policy.rb": {
        "lines": [
          null,
          null,
          null,
          null,
          null,
          null,
          null,
          null,
          null,
          null,
          null,
          null,
          null,
          null,
          null,
          null,
          null,
          null,
          null,
          null,
          null,
          null,
          null,
          null,
          null,
          null,
          null,
          null,
          null,
          null
        ]
      },
      "/home/maricruiz/campuscode/project/config/initializers/cookies_serializer.rb": {
        "lines": [
          null,
          null,
          null,
          null,
          1
        ]
      },
      "/home/maricruiz/campuscode/project/config/initializers/devise.rb": {
        "lines": [
          null,
          null,
          null,
          null,
          null,
          null,
          null,
          null,
          null,
          null,
          1,
          null,
          null,
          null,
          null,
          null,
          null,
          null,
          null,
          null,
          null,
          null,
          null,
          null,
          null,
          null,
          1,
          null,
          null,
          null,
          null,
          null,
          null,
          null,
          null,
          null,
          null,
          null,
          1,
          null,
          null,
          null,
          null,
          null,
          null,
          null,
          null,
          null,
          null,
          null,
          null,
          null,
          null,
          null,
          null,
          null,
          null,
          null,
          null,
          null,
          1,
          null,
          null,
          null,
          null,
          1,
          null,
          null,
          null,
          null,
          null,
          null,
          null,
          null,
          null,
          null,
          null,
          null,
          null,
          null,
          null,
          null,
          null,
          null,
          null,
          null,
          null,
          null,
          null,
          null,
          null,
          null,
          null,
          null,
          null,
          null,
          null,
          null,
          null,
          1,
          null,
          null,
          null,
          null,
          null,
          null,
          null,
          null,
          null,
          null,
          null,
          null,
          null,
          null,
          null,
          null,
          null,
          null,
          null,
          null,
          null,
          null,
          null,
          null,
          null,
          1,
          null,
          null,
          null,
          null,
          null,
          null,
          null,
          null,
          null,
          null,
          null,
          null,
          null,
          null,
          null,
          null,
          null,
          null,
          null,
          null,
          null,
          null,
          null,
          null,
          null,
          null,
          null,
          null,
          null,
          null,
          null,
          null,
          null,
          1,
          null,
          null,
          null,
          null,
          null,
          null,
          null,
          null,
          null,
          1,
          null,
          null,
          null,
          null,
          null,
          null,
          null,
          null,
          null,
          null,
          1,
          null,
          null,
          null,
          null,
          1,
          null,
          null,
          null,
          null,
          null,
          null,
          null,
          null,
          null,
          null,
          null,
          null,
          null,
          null,
          null,
          null,
          null,
          null,
          null,
          null,
          null,
          null,
          null,
          null,
          null,
          null,
          null,
          null,
          null,
          null,
          null,
          null,
          null,
          null,
          null,
          null,
          null,
          null,
          null,
          null,
          1,
          null,
          null,
          null,
          null,
          null,
          null,
          null,
          null,
          null,
          null,
          null,
          null,
          null,
          null,
          null,
          null,
          null,
          null,
          null,
          null,
          null,
          null,
          null,
          null,
          null,
          null,
          null,
          null,
          null,
          null,
          null,
          null,
          null,
          null,
          null,
          null,
          null,
          null,
          null,
          null,
          null,
          1,
          null,
          null,
          null,
          null,
          null,
          null,
          null,
          null,
          null,
          null,
          null,
          null,
          null,
          null,
          null,
          null,
          null,
          null,
          null,
          null,
          null,
          null,
          null,
          null,
          null,
          null,
          null,
          null,
          null,
          null,
          null,
          null,
          null,
          null,
          null,
          null,
          null,
          null,
          null,
          null,
          null,
          null
        ]
      },
      "/home/maricruiz/campuscode/project/config/initializers/filter_parameter_logging.rb": {
        "lines": [
          null,
          null,
          null,
          1,
          null,
          null
        ]
      },
      "/home/maricruiz/campuscode/project/config/initializers/inflections.rb": {
        "lines": [
          null,
          null,
          null,
          null,
          null,
          null,
          null,
          null,
          null,
          null,
          null,
          null,
          null,
          null,
          null,
          null
        ]
      },
      "/home/maricruiz/campuscode/project/config/initializers/locale.rb": {
        "lines": [
          null,
          null,
          null,
          null,
          1,
          null,
          null,
          1
        ]
      },
      "/home/maricruiz/campuscode/project/config/initializers/mime_types.rb": {
        "lines": [
          null,
          null,
          null,
          null
        ]
      },
      "/home/maricruiz/campuscode/project/config/initializers/permissions_policy.rb": {
        "lines": [
          null,
          null,
          null,
          null,
          null,
          null,
          null,
          null,
          null,
          null,
          null
        ]
      },
      "/home/maricruiz/campuscode/project/config/initializers/wrap_parameters.rb": {
        "lines": [
          null,
          null,
          null,
          null,
          null,
          null,
          1,
          2,
          null,
          null,
          null,
          null,
          null,
          null
        ]
      },
      "/home/maricruiz/campuscode/project/config/routes.rb": {
        "lines": [
          1,
          null,
          1,
          1,
          1,
          null,
          1,
          1,
          1,
          1,
          1,
          1,
          1,
          1,
          1,
          null,
          null,
          1,
          1,
          1,
          1,
          null,
          1,
          1,
          1,
          null,
          1,
          1,
          null,
          1,
          1,
          null,
          null,
          null,
          null,
          1,
          1,
          1,
          1,
          1,
          null,
          null,
          1,
          1,
          1,
          1,
          null,
          null,
          null,
          1,
          1,
          1,
          1,
          1,
          1,
          1,
          1,
          null,
          1,
          1,
          null,
          null,
          null,
          1,
          1,
          1,
          1,
          1,
          1,
          null,
          null,
          null,
          null,
          null
        ]
      },
      "/home/maricruiz/campuscode/project/app/models/user.rb": {
        "lines": [
          1,
          1,
          null,
          1,
          1,
          null,
          1,
          null,
          null,
          1,
          null,
          null,
          null
        ]
      },
      "/home/maricruiz/campuscode/project/app/models/application_record.rb": {
        "lines": [
          1,
          1,
          null,
          null,
          1,
          0,
          null,
          null,
          null
        ]
      },
      "/home/maricruiz/campuscode/project/app/validators/email_validator.rb": {
        "lines": [
          1,
          1,
          1,
          null,
          106,
          106,
          106,
          106,
          106,
          2,
          null,
          106,
          0,
          null,
          null,
          0,
          null,
          106,
          null,
          null
        ]
      },
      "/home/maricruiz/campuscode/project/app/helpers/application_helper.rb": {
        "lines": [
          1,
          null
        ]
      },
      "/home/maricruiz/campuscode/project/spec/system/paynow_client/charge/access_through_url_spec.rb": {
        "lines": [
          1,
          null,
          1,
          9,
          null,
          null,
          5,
          5,
          1,
          1,
          1,
          null,
          null,
          1,
          1,
          1,
          1,
          1,
          null,
          null,
          null,
          null,
          null,
          null,
          null,
          1,
          1,
          1,
          null,
          1,
          null,
          1,
          1,
          null,
          1,
          1,
          1,
          1,
          null,
          1,
          null,
          1,
          1,
          null,
          1,
          1,
          1,
          1,
          null,
          1,
          null,
          1,
          1,
          null,
          1,
          1,
          1,
          1,
          null,
          1,
          null,
          1,
          1,
          null,
          null,
          1,
          1,
          1,
          1,
          1,
          1,
          null,
          1,
          1,
          null,
          1,
          1,
          null,
          1,
          1,
          1,
          null,
          1,
          1,
          null,
          1,
          1,
          null,
          1,
          1,
          1,
          null,
          1,
          1,
          null,
          1,
          1,
          null,
          1,
          1,
          1,
          null,
          1,
          1,
          null,
          1,
          1,
          null,
          null,
          null
        ]
      },
      "/home/maricruiz/campuscode/project/spec/system/paynow_client/charge/client_consult_charge_spec.rb": {
        "lines": [
          1,
          null,
          1,
          5,
          null,
          null,
          5,
          5,
          5,
          5,
          5,
          null,
          null,
          5,
          5,
          5,
          5,
          5,
          5,
          null,
          null,
          null,
          null,
          null,
          null,
          5,
          null,
          null,
          null,
          null,
          null,
          null,
          null,
          1,
          1,
          1,
          1,
          1,
          1,
          null,
          1,
          1,
          1,
          1,
          1,
          null,
          1,
          1,
          1,
          null,
          1,
          1,
          1,
          1,
          1,
          1,
          1,
          null,
          null,
          1,
          1,
          1,
          1,
          1,
          1,
          1,
          1,
          1,
          1,
          1,
          1,
          1,
          1,
          1,
          null,
          1,
          1,
          1,
          1,
          null,
          1,
          1,
          1,
          1,
          1,
          1,
          1,
          null,
          1,
          1,
          1,
          1,
          1,
          1,
          1,
          1,
          1,
          1,
          1,
          1,
          1,
          1,
          null,
          1,
          1,
          1,
          1,
          1,
          1,
          1,
          1,
          null,
          1,
          1,
          1,
          null,
          1,
          1,
          1,
          1,
          1,
          1,
          1,
          null,
          1,
          1,
          1,
          1,
          1,
          1,
          1,
          1,
          1,
          1,
          1,
          1,
          1,
          1,
          null,
          1,
          1,
          1,
          1,
          1,
          1,
          1,
          1,
          null,
          1,
          1,
          1,
          1,
          null,
          1,
          1,
          1,
          1,
          1,
          1,
          1,
          null,
          null
        ]
      },
      "/home/maricruiz/campuscode/project/spec/system/paynow_client/client_account_management_spec.rb": {
        "lines": [
          1,
          null,
          1,
          1,
          1,
          1,
          1,
          null,
          null,
          1,
          null,
          1,
          1,
          1,
          1,
          1,
          null,
          4,
          null,
          1,
          1,
          1,
          null,
          1,
          1,
          null,
          null,
          1,
          null,
          1,
          1,
          1,
          1,
          1,
          4,
          null,
          1,
          null,
          1,
          1,
          null,
          null,
          1,
          1,
          null,
          1,
          1,
          1,
          1,
          1,
          4,
          null,
          1,
          null,
          1,
          1,
          1,
          1,
          1,
          1,
          4,
          null,
          1,
          null,
          null,
          1,
          1,
          1,
          null,
          null,
          null,
          1,
          1,
          1,
          1,
          null,
          1,
          1,
          1,
          1,
          1,
          1,
          1,
          1,
          null,
          1,
          null,
          1,
          1,
          null,
          null,
          null,
          1,
          1,
          1,
          1,
          null,
          1,
          1,
          1,
          1,
          1,
          1,
          1,
          1,
          null,
          1,
          null,
          1,
          1,
          null,
          null,
          1,
          1,
          1,
          1,
          null,
          1,
          1,
          1,
          1,
          1,
          1,
          1,
          null,
          1,
          null,
          null,
          1,
          1,
          1,
          null,
          null,
          1,
          1,
          1,
          1,
          null,
          1,
          1,
          1,
          1,
          null,
          1,
          null,
          null,
          null
        ]
      },
      "/home/maricruiz/campuscode/project/spec/system/paynow_client/client_view_company_spec.rb": {
        "lines": [
          1,
          null,
          1,
          3,
          null,
          null,
          3,
          3,
          null,
          1,
          1,
          1,
          1,
          1,
          null,
          1,
          1,
          1,
          null,
          1,
          1,
          1,
          1,
          1,
          1,
          1,
          1,
          1,
          1,
          1,
          null,
          1,
          1,
          1,
          null,
          1,
          1,
          1,
          null,
          1,
          null,
          null,
          null
        ]
      },
      "/home/maricruiz/campuscode/project/spec/system/paynow_client/client_view_payment_methods_chosen_spec.rb": {
        "lines": [
          1,
          null,
          1,
          2,
          null,
          null,
          2,
          2,
          2,
          2,
          2,
          2,
          2,
          2,
          2,
          null,
          1,
          1,
          1,
          1,
          1,
          1,
          1,
          1,
          1,
          1,
          1,
          1,
          1,
          1,
          null,
          1,
          1,
          1,
          null,
          1,
          1,
          1,
          1,
          1,
          1,
          1,
          null,
          null
        ]
      },
      "/home/maricruiz/campuscode/project/spec/system/paynow_client/products/access_client_product_register_through_url_spec.rb": {
        "lines": [
          1,
          null,
          1,
          7,
          null,
          null,
          5,
          5,
          4,
          null,
          1,
          1,
          1,
          1,
          1,
          null,
          1,
          1,
          null,
          1,
          1,
          null,
          1,
          null,
          1,
          1,
          null,
          null,
          null,
          1,
          1,
          1,
          1,
          1,
          null,
          1,
          1,
          null,
          1,
          1,
          null,
          1,
          1,
          1,
          1,
          null,
          1,
          1,
          null,
          1,
          1,
          null,
          1,
          1,
          1,
          null,
          1,
          1,
          null,
          1,
          1,
          null,
          1,
          1,
          1,
          1,
          null,
          1,
          1,
          null,
          1,
          1,
          null,
          null,
          null,
          null
        ]
      },
      "/home/maricruiz/campuscode/project/spec/system/paynow_client/products/client_deactivate_product_spec.rb": {
        "lines": [
          1,
          null,
          1,
          2,
          null,
          null,
          2,
          2,
          2,
          null,
          1,
          1,
          1,
          1,
          null,
          1,
          1,
          1,
          1,
          1,
          null,
          1,
          1,
          1,
          1,
          null,
          null
        ]
      },
      "/home/maricruiz/campuscode/project/spec/system/paynow_client/products/client_edit_product_spec.rb": {
        "lines": [
          1,
          null,
          1,
          7,
          null,
          null,
          7,
          7,
          7,
          null,
          1,
          1,
          1,
          1,
          null,
          1,
          1,
          1,
          1,
          1,
          1,
          1,
          4,
          null,
          1,
          1,
          1,
          null,
          1,
          1,
          1,
          1,
          null,
          null,
          1,
          1,
          1,
          null,
          1,
          1,
          1,
          1,
          1,
          1,
          1,
          1,
          4,
          null,
          1,
          1,
          1,
          1,
          null,
          1,
          1,
          1,
          1,
          1,
          null,
          1,
          1,
          1,
          1,
          1,
          1,
          1,
          1,
          4,
          null,
          1,
          1,
          null,
          1,
          1,
          1,
          1,
          1,
          1,
          null,
          1,
          1,
          1,
          1,
          1,
          1,
          1,
          1,
          null,
          1,
          1,
          null,
          1,
          1,
          1,
          1,
          null,
          1,
          1,
          1,
          1,
          1,
          1,
          1,
          1,
          1,
          1,
          1,
          null,
          1,
          1,
          null,
          1,
          1,
          1,
          1,
          null,
          1,
          1,
          1,
          1,
          1,
          1,
          1,
          1,
          1,
          1,
          1,
          null,
          1,
          1,
          null,
          null,
          null
        ]
      },
      "/home/maricruiz/campuscode/project/spec/system/paynow_client/products/client_register_product_spec.rb": {
        "lines": [
          1,
          null,
          1,
          7,
          null,
          null,
          7,
          7,
          null,
          1,
          1,
          1,
          null,
          1,
          1,
          1,
          1,
          1,
          1,
          1,
          4,
          null,
          1,
          1,
          1,
          1,
          null,
          1,
          1,
          1,
          1,
          null,
          null,
          1,
          1,
          null,
          1,
          1,
          1,
          1,
          1,
          1,
          1,
          1,
          null,
          1,
          1,
          1,
          1,
          null,
          1,
          1,
          1,
          1,
          null,
          1,
          1,
          1,
          1,
          1,
          1,
          null,
          1,
          null,
          1,
          null,
          1,
          1,
          null,
          1,
          1,
          1,
          null,
          1,
          1,
          null,
          1,
          1,
          1,
          1,
          1,
          1,
          null,
          1,
          null,
          1,
          null,
          1,
          1,
          null,
          1,
          1,
          1,
          null,
          1,
          1,
          1,
          1,
          1,
          1,
          1,
          1,
          1,
          1,
          null,
          1,
          1,
          null,
          1,
          1,
          1,
          null,
          1,
          1,
          1,
          1,
          1,
          1,
          1,
          1,
          1,
          1,
          null,
          1,
          1,
          null,
          null,
          null
        ]
      },
      "/home/maricruiz/campuscode/project/spec/system/paynow_client/products/client_view_product_spec.rb": {
        "lines": [
          1,
          null,
          1,
          4,
          null,
          null,
          4,
          4,
          1,
          1,
          1,
          null,
          1,
          1,
          1,
          null,
          1,
          1,
          null,
          1,
          1,
          1,
          1,
          1,
          null,
          1,
          1,
          1,
          null,
          1,
          1,
          1,
          1,
          1,
          null,
          1,
          1,
          1,
          1,
          null,
          1,
          1,
          null,
          null,
          1,
          1,
          1,
          null,
          null
        ]
      },
      "/home/maricruiz/campuscode/project/app/models/company.rb": {
        "lines": [
          1,
          1,
          null,
          1,
          null,
          1,
          null,
          1,
          1,
          1,
          null,
          1,
          1,
          null,
          1,
          null,
          1,
          1,
          null,
          1,
          1,
          null,
          1,
          1,
          1,
          null,
          1,
          50,
          50,
          50,
          50,
          50,
          50,
          50,
          null,
          0,
          null,
          null,
          50,
          null,
          null,
          null,
          null,
          null,
          null,
          null,
          null,
          null,
          null,
          null,
          null,
          null,
          null,
          null,
          null
        ]
      },
      "/home/maricruiz/campuscode/project/app/controllers/clients/companies_controller.rb": {
        "lines": [
          1,
          1,
          1,
          null,
          1,
          22,
          null,
          null,
          1,
          1,
          1,
          1,
          1,
          1,
          null,
          null,
          1,
          null,
          1,
          25,
          null,
          null
        ]
      },
      "/home/maricruiz/campuscode/project/app/controllers/application_controller.rb": {
        "lines": [
          1,
          null
        ]
      },
      "/home/maricruiz/campuscode/project/app/models/domain_record.rb": {
        "lines": [
          1,
          1,
          1,
          null,
          1,
          null,
          1,
          null
        ]
      },
      "/home/maricruiz/campuscode/project/app/controllers/home_controller.rb": {
        "lines": [
          1,
          1,
          1,
          null,
          1,
          23,
          18,
          18,
          18,
          18,
          null,
          null,
          null,
          null,
          1,
          0,
          null,
          null,
          1,
          null,
          1,
          23,
          18,
          18,
          0,
          18,
          0,
          0,
          18,
          0,
          18,
          0,
          18,
          10,
          8,
          0,
          8,
          2,
          6,
          6,
          6,
          6,
          6,
          6,
          null,
          null,
          null,
          1,
          23,
          18,
          10,
          10,
          0,
          0,
          0,
          null,
          null,
          null,
          null,
          null,
          null
        ]
      },
      "/home/maricruiz/campuscode/project/app/controllers/clients/charges_controller.rb": {
        "lines": [
          1,
          1,
          1,
          1,
          null,
          1,
          1,
          1,
          1,
          null,
          null,
          1,
          1,
          1,
          null,
          null,
          1,
          3,
          3,
          3,
          3,
          null,
          null,
          1,
          1,
          1,
          1,
          1,
          null,
          null,
          1,
          null,
          1,
          10,
          null,
          null,
          1,
          0,
          null,
          null,
          1,
          6,
          6,
          4,
          4,
          4,
          20,
          20,
          null,
          null,
          null,
          null
        ]
      },
      "/home/maricruiz/campuscode/project/app/models/payment_company.rb": {
        "lines": [
          1,
          1,
          1,
          null,
          1,
          null
        ]
      },
      "/home/maricruiz/campuscode/project/app/models/payment_option.rb": {
        "lines": [
          1,
          1,
          1,
          null,
          1,
          1,
          null,
          1,
          null,
          1,
          1,
          null,
          1,
          1,
          null,
          1,
          7,
          7,
          5,
          2,
          1,
          1,
          1,
          null,
          null,
          null
        ]
      },
      "/home/maricruiz/campuscode/project/app/models/historic_product.rb": {
        "lines": [
          1,
          1,
          1,
          null
        ]
      },
      "/home/maricruiz/campuscode/project/app/models/product.rb": {
        "lines": [
          1,
          1,
          1,
          1,
          1,
          null,
          1,
          1,
          1,
          null,
          1,
          39,
          null,
          null,
          1,
          31,
          31,
          31,
          31,
          31,
          31,
          null,
          0,
          null,
          null,
          31,
          null,
          null
        ]
      },
      "/home/maricruiz/campuscode/project/app/models/boleto_register_option.rb": {
        "lines": [
          1,
          1,
          1,
          1,
          1,
          null,
          1,
          1,
          null,
          1,
          5,
          null,
          null,
          null
        ]
      },
      "/home/maricruiz/campuscode/project/app/models/bank_code.rb": {
        "lines": [
          1,
          1,
          1,
          null,
          1,
          null,
          1,
          0,
          null,
          null
        ]
      },
      "/home/maricruiz/campuscode/project/app/models/charge.rb": {
        "lines": [
          1,
          1,
          1,
          1,
          1,
          1,
          1,
          1,
          1,
          null,
          1,
          1,
          1,
          1,
          1,
          null,
          1,
          12,
          12,
          null,
          null,
          1,
          12,
          12,
          null,
          null,
          1,
          12,
          null,
          1,
          12,
          null,
          1,
          8,
          8,
          8,
          8,
          8,
          8,
          null,
          0,
          null,
          null,
          8,
          null,
          null
        ]
      },
      "/home/maricruiz/campuscode/project/app/models/final_client.rb": {
        "lines": [
          1,
          1,
          null,
          1,
          1,
          null,
          1,
          1,
          1,
          null,
          1,
          8,
          8,
          8,
          8,
          8,
          8,
          8,
          null,
          0,
          null,
          null,
          null,
          0,
          null,
          8,
          null,
          null
        ]
      },
      "/home/maricruiz/campuscode/project/app/models/status_charge.rb": {
        "lines": [
          1,
          1,
          null,
          1,
          null,
          1,
          0,
          null,
          null
        ]
      },
      "/home/maricruiz/campuscode/project/app/models/company_client.rb": {
        "lines": [
          1,
          1,
          1,
          null,
          1,
          null,
          1,
          1,
          null
        ]
      },
      "/home/maricruiz/campuscode/project/app/models/credit_card_register_option.rb": {
        "lines": [
          1,
          1,
          1,
          1,
          null,
          1,
          1,
          null,
          1,
          1,
          null,
          null
        ]
      },
      "/home/maricruiz/campuscode/project/app/models/pix_register_option.rb": {
        "lines": [
          1,
          1,
          1,
          1,
          1,
          null,
          1,
          1,
          1,
          1,
          null,
          null
        ]
      },
      "/home/maricruiz/campuscode/project/app/controllers/clients/products_controller.rb": {
        "lines": [
          1,
          1,
          1,
          null,
          1,
          16,
          16,
          null,
          null,
          1,
          12,
          12,
          null,
          null,
          1,
          6,
          6,
          null,
          null,
          1,
          6,
          6,
          6,
          2,
          2,
          null,
          4,
          null,
          null,
          null,
          1,
          6,
          6,
          null,
          null,
          1,
          6,
          6,
          6,
          2,
          2,
          null,
          4,
          null,
          null,
          null,
          1,
          1,
          1,
          1,
          1,
          1,
          1,
          null,
          null,
          1,
          null,
          1,
          57,
          null,
          null,
          1,
          12,
          null,
          null
        ]
      }
    },
    "timestamp": 1624916409
  }
}
