{
  "RSpec": {
    "coverage": {
      "/home/maricruiz/campuscode/project/app/models/user.rb": {
        "lines": [
          1,
          1,
          null,
          1,
          1,
          null,
          1,
          null,
          null,
          1,
          null,
          null,
          1,
          321,
          321,
          33,
          288,
          197,
          197,
          91,
          91,
          91,
          91,
          91,
          91,
          null,
          null,
          null
        ]
      },
      "/home/maricruiz/campuscode/project/app/models/application_record.rb": {
        "lines": [
          1,
          1,
          null,
          1,
          42,
          null,
          null,
          null
        ]
      },
      "/home/maricruiz/campuscode/project/app/validators/email_validator.rb": {
        "lines": [
          1,
          1,
          1,
          785,
          785,
          785,
          785,
          785,
          785,
          785,
          null,
          null
        ]
      },
      "/home/maricruiz/campuscode/project/app/helpers/application_helper.rb": {
        "lines": [
          1,
          null
        ]
      },
      "/home/maricruiz/campuscode/project/app/models/admin.rb": {
        "lines": [
          1,
          1,
          null,
          1,
          null
        ]
      },
      "/home/maricruiz/campuscode/project/app/models/bank_code.rb": {
        "lines": [
          1,
          1,
          1,
          null,
          1,
          null,
          1,
          2376,
          null,
          null
        ]
      },
      "/home/maricruiz/campuscode/project/app/models/block_company.rb": {
        "lines": [
          1,
          1,
          1,
          1,
          10,
          1,
          null,
          null,
          null
        ]
      },
      "/home/maricruiz/campuscode/project/app/models/boleto_register_option.rb": {
        "lines": [
          1,
          1,
          1,
          1,
          1,
          null,
          1,
          1,
          null,
          1,
          92,
          null,
          null
        ]
      },
      "/home/maricruiz/campuscode/project/app/models/charge.rb": {
        "lines": [
          1,
          1,
          1,
          1,
          1,
          1,
          1,
          1,
          1,
          null,
          1,
          null,
          1,
          1,
          1,
          1,
          null,
          1,
          159,
          null,
          null,
          1,
          162,
          null,
          null,
          1,
          2,
          2,
          null,
          null,
          1,
          1,
          1,
          null,
          null,
          1,
          1,
          1,
          null,
          null,
          1,
          157,
          null,
          null,
          1,
          157,
          null,
          null,
          1,
          6,
          6,
          5,
          5,
          5,
          5,
          5,
          null,
          6,
          null,
          null,
          1,
          6,
          6,
          6,
          6,
          6,
          null,
          null,
          1,
          6,
          4,
          4,
          4,
          null,
          null,
          null,
          1,
          6,
          5,
          5,
          5,
          null,
          null,
          null,
          1,
          6,
          4,
          4,
          4,
          4,
          4,
          2,
          1,
          null,
          null,
          null,
          1,
          6,
          4,
          null,
          2,
          null,
          null,
          null,
          1,
          3,
          3,
          3,
          3,
          3,
          2,
          2,
          null,
          null,
          null,
          1,
          6,
          6,
          6,
          6,
          6,
          6,
          null,
          null,
          1,
          129,
          129,
          129,
          129,
          129,
          129,
          null,
          0,
          null,
          null,
          129,
          null,
          null
        ]
      },
      "/home/maricruiz/campuscode/project/app/models/company_client.rb": {
        "lines": [
          1,
          1,
          1,
          null,
          1,
          null,
          1,
          1,
          null
        ]
      },
      "/home/maricruiz/campuscode/project/app/models/company.rb": {
        "lines": [
          1,
          1,
          null,
          1,
          null,
          1,
          null,
          1,
          1,
          1,
          null,
          1,
          1,
          null,
          1,
          null,
          1,
          1,
          null,
          1,
          1,
          null,
          1,
          1,
          1,
          null,
          1,
          null,
          1,
          330,
          null,
          null,
          null,
          null,
          null,
          330,
          null,
          null,
          1,
          330,
          330,
          330,
          330,
          330,
          330,
          330,
          null,
          0,
          null,
          null,
          330,
          null,
          null
        ]
      },
      "/home/maricruiz/campuscode/project/app/models/credit_card_register_option.rb": {
        "lines": [
          1,
          1,
          1,
          1,
          null,
          1,
          1,
          null,
          1,
          47,
          null,
          null
        ]
      },
      "/home/maricruiz/campuscode/project/app/models/domain_record.rb": {
        "lines": [
          1,
          1,
          1,
          null,
          1,
          null,
          1,
          null
        ]
      },
      "/home/maricruiz/campuscode/project/app/models/final_client.rb": {
        "lines": [
          1,
          1,
          null,
          1,
          1,
          null,
          1,
          1,
          1,
          null,
          null,
          1,
          115,
          112,
          112,
          112,
          112,
          112,
          112,
          null,
          0,
          null,
          null,
          null,
          3,
          null,
          115,
          null,
          null
        ]
      },
      "/home/maricruiz/campuscode/project/app/models/historic_company.rb": {
        "lines": [
          1,
          1,
          null
        ]
      },
      "/home/maricruiz/campuscode/project/app/models/historic_product.rb": {
        "lines": [
          1,
          1,
          1,
          null
        ]
      },
      "/home/maricruiz/campuscode/project/app/models/receipt_filter.rb": {
        "lines": [
          1,
          null
        ]
      },
      "/home/maricruiz/campuscode/project/app/models/payment_company.rb": {
        "lines": [
          1,
          1,
          1,
          null,
          1,
          null
        ]
      },
      "/home/maricruiz/campuscode/project/app/models/payment_option.rb": {
        "lines": [
          1,
          1,
          1,
          null,
          1,
          1,
          null,
          1,
          null,
          1,
          1,
          null,
          1,
          1,
          null,
          1,
          196,
          null,
          194,
          108,
          86,
          48,
          38,
          15,
          null,
          null,
          null
        ]
      },
      "/home/maricruiz/campuscode/project/app/models/pix_register_option.rb": {
        "lines": [
          1,
          1,
          1,
          1,
          1,
          null,
          1,
          1,
          1,
          30,
          null,
          null
        ]
      },
      "/home/maricruiz/campuscode/project/app/models/product.rb": {
        "lines": [
          1,
          1,
          1,
          1,
          1,
          null,
          1,
          1,
          1,
          null,
          null,
          1,
          180,
          null,
          null,
          1,
          160,
          null,
          null,
          null,
          null,
          null,
          1,
          164,
          164,
          164,
          164,
          164,
          164,
          null,
          0,
          null,
          null,
          164,
          null,
          null
        ]
      },
      "/home/maricruiz/campuscode/project/app/models/receipt.rb": {
        "lines": [
          1,
          1,
          null,
          1,
          null
        ]
      },
      "/home/maricruiz/campuscode/project/app/models/status_charge.rb": {
        "lines": [
          1,
          1,
          null,
          1,
          null,
          1,
          75,
          null,
          null
        ]
      },
      "/home/maricruiz/campuscode/project/app/controllers/client_admin/boleto_register_options_controller.rb": {
        "lines": [
          1,
          1,
          1,
          1,
          1,
          1,
          1,
          null,
          1,
          5,
          null,
          null,
          1,
          5,
          5,
          5,
          3,
          3,
          null,
          2,
          null,
          null,
          null,
          1,
          null,
          1,
          5,
          3,
          null,
          null,
          2,
          null,
          null,
          null,
          1,
          1,
          1,
          1,
          1,
          1,
          null,
          null,
          null,
          1,
          null,
          1,
          26,
          5,
          null,
          null,
          null,
          null,
          1,
          10,
          null,
          null,
          1,
          11,
          null,
          null,
          1,
          20,
          20,
          null,
          null,
          1,
          21,
          null,
          null,
          1,
          5,
          5,
          5,
          5,
          null,
          null,
          1,
          1,
          1,
          1,
          null,
          null,
          1,
          10,
          10,
          10,
          10,
          10,
          990,
          990,
          null,
          null,
          null,
          null
        ]
      },
      "/home/maricruiz/campuscode/project/app/controllers/application_controller.rb": {
        "lines": [
          1,
          null
        ]
      },
      "/home/maricruiz/campuscode/project/app/controllers/api/v1/charges_controller.rb": {
        "lines": [
          1,
          1,
          1,
          null,
          1,
          6,
          6,
          6,
          6,
          3,
          3,
          null,
          3,
          null,
          null,
          1,
          null,
          1,
          20,
          null,
          null,
          null,
          null,
          null,
          1,
          8,
          7,
          1,
          null,
          null,
          null,
          1,
          null,
          null,
          1,
          6,
          6,
          6,
          6,
          6,
          null,
          4,
          null,
          null,
          1,
          4,
          4,
          4,
          4,
          null,
          null,
          1,
          6,
          null,
          null,
          null,
          1,
          8,
          8,
          null,
          8,
          8,
          8,
          40,
          40,
          null,
          null,
          null
        ]
      },
      "/home/maricruiz/campuscode/project/app/controllers/api/v1/status_charges_controller.rb": {
        "lines": [
          1,
          1,
          1,
          null,
          1,
          8,
          null,
          6,
          6,
          6,
          2,
          2,
          null,
          4,
          null,
          null,
          1,
          null,
          1,
          41,
          null,
          null,
          null,
          1,
          9,
          9,
          8,
          8,
          8,
          8,
          null,
          1,
          null,
          null,
          1,
          6,
          null,
          3,
          3,
          3,
          null,
          null,
          1,
          6,
          null,
          6,
          6,
          6,
          null,
          null,
          1,
          2,
          null,
          2,
          null,
          null,
          null,
          1,
          9,
          9,
          null,
          9,
          9,
          9,
          45,
          45,
          null,
          null,
          null
        ]
      },
      "/home/maricruiz/campuscode/project/app/controllers/client_admin/charges_controller.rb": {
        "lines": [
          1,
          1,
          1,
          1,
          null,
          1,
          10,
          10,
          10,
          null,
          null,
          1,
          1,
          1,
          null,
          null,
          1,
          4,
          4,
          4,
          4,
          null,
          null,
          1,
          6,
          6,
          null,
          null,
          1,
          6,
          6,
          6,
          6,
          6,
          3,
          2,
          null,
          1,
          1,
          1,
          null,
          3,
          null,
          3,
          3,
          null,
          null,
          null,
          1,
          null,
          1,
          33,
          6,
          null,
          null,
          null,
          null,
          1,
          6,
          null,
          null,
          1,
          27,
          27,
          10,
          10,
          10,
          50,
          50,
          null,
          null,
          null,
          null
        ]
      },
      "/home/maricruiz/campuscode/project/app/controllers/admin/charges_controller.rb": {
        "lines": [
          1,
          1,
          1,
          1,
          null,
          1,
          7,
          7,
          7,
          null,
          null,
          1,
          1,
          1,
          null,
          null,
          1,
          4,
          4,
          4,
          null,
          null,
          1,
          4,
          4,
          4,
          4,
          4,
          4,
          2,
          1,
          null,
          1,
          1,
          1,
          null,
          2,
          null,
          2,
          2,
          null,
          null,
          null,
          1,
          null,
          1,
          23,
          null,
          null,
          1,
          4,
          null,
          null,
          null,
          null,
          null,
          null,
          null,
          null,
          null,
          null,
          null,
          null,
          null,
          null,
          null,
          null,
          null,
          null,
          1,
          16,
          16,
          6,
          6,
          6,
          30,
          30,
          null,
          null,
          null,
          null
        ]
      },
      "/home/maricruiz/campuscode/project/app/controllers/client_admin/companies_controller.rb": {
        "lines": [
          1,
          1,
          1,
          null,
          1,
          64,
          null,
          null,
          1,
          2,
          null,
          null,
          1,
          2,
          2,
          1,
          1,
          1,
          1,
          null,
          1,
          null,
          null,
          null,
          1,
          2,
          null,
          null,
          1,
          2,
          2,
          1,
          null,
          1,
          null,
          null,
          null,
          1,
          43,
          43,
          43,
          43,
          43,
          null,
          null,
          1,
          4,
          4,
          4,
          null,
          null,
          1,
          1,
          1,
          1,
          1,
          null,
          null,
          1,
          1,
          1,
          1,
          1,
          null,
          null,
          1,
          1,
          1,
          1,
          1,
          null,
          null,
          1,
          null,
          1,
          133,
          11,
          null,
          null,
          null,
          null,
          1,
          4,
          null,
          null,
          null,
          1,
          1,
          1,
          1,
          null,
          null
        ]
      },
      "/home/maricruiz/campuscode/project/app/controllers/admin/companies_controller.rb": {
        "lines": [
          1,
          1,
          1,
          null,
          1,
          13,
          13,
          13,
          null,
          null,
          1,
          21,
          21,
          null,
          null,
          1,
          2,
          null,
          null,
          1,
          2,
          2,
          1,
          null,
          1,
          null,
          null,
          null,
          1,
          1,
          1,
          1,
          1,
          null,
          null,
          1,
          8,
          8,
          8,
          null,
          null,
          1,
          2,
          2,
          1,
          1,
          1,
          null,
          2,
          2,
          null,
          null,
          1,
          2,
          2,
          1,
          1,
          1,
          null,
          2,
          2,
          null,
          null,
          1,
          3,
          3,
          3,
          3,
          2,
          2,
          1,
          1,
          1,
          1,
          null,
          3,
          1,
          1,
          2,
          1,
          null,
          null,
          null,
          3,
          null,
          null,
          1,
          null,
          1,
          70,
          null,
          null,
          1,
          2,
          null,
          null,
          null
        ]
      },
      "/home/maricruiz/campuscode/project/app/controllers/api/v1/queries_controller.rb": {
        "lines": [
          1,
          1,
          null,
          1,
          18,
          18,
          1,
          17,
          10,
          7,
          2,
          null,
          5,
          null,
          null,
          null,
          1,
          null,
          1,
          73,
          null,
          null,
          1,
          19,
          19,
          18,
          18,
          18,
          18,
          null,
          1,
          null,
          null,
          1,
          18,
          18,
          18,
          18,
          18,
          null,
          null,
          1,
          18,
          null,
          4,
          2,
          null,
          2,
          null,
          null,
          null,
          1,
          18,
          null,
          3,
          1,
          null,
          2,
          null,
          null,
          null,
          1,
          18,
          null,
          3,
          1,
          null,
          2,
          null,
          null,
          null,
          1,
          18,
          null,
          3,
          1,
          null,
          null,
          null,
          2,
          null,
          null,
          null,
          null,
          null,
          1,
          18,
          null,
          null
        ]
      },
      "/home/maricruiz/campuscode/project/app/controllers/client_admin/credit_card_register_options_controller.rb": {
        "lines": [
          1,
          1,
          1,
          1,
          1,
          1,
          null,
          1,
          3,
          null,
          null,
          1,
          3,
          3,
          3,
          1,
          1,
          null,
          2,
          null,
          null,
          null,
          1,
          3,
          null,
          null,
          1,
          3,
          1,
          null,
          null,
          2,
          2,
          null,
          null,
          null,
          1,
          1,
          1,
          1,
          1,
          1,
          1,
          null,
          null,
          null,
          1,
          null,
          1,
          18,
          5,
          null,
          null,
          null,
          null,
          1,
          6,
          null,
          null,
          1,
          13,
          null,
          null,
          1,
          13,
          null,
          null,
          1,
          7,
          null,
          null,
          1,
          3,
          3,
          3,
          3,
          null,
          null
        ]
      },
      "/home/maricruiz/campuscode/project/app/controllers/api/v1/final_clients_controller.rb": {
        "lines": [
          1,
          1,
          null,
          1,
          3,
          1,
          1,
          null,
          2,
          null,
          null,
          1,
          null,
          1,
          4,
          null,
          null,
          1,
          4,
          4,
          3,
          3,
          null,
          1,
          null,
          null,
          1,
          2,
          2,
          2,
          null,
          1,
          null,
          1,
          null,
          null,
          null,
          1,
          2,
          null,
          null,
          1,
          2,
          null,
          1,
          1,
          1,
          null,
          null,
          null
        ]
      },
      "/home/maricruiz/campuscode/project/app/controllers/admin/payment_options_controller.rb": {
        "lines": [
          1,
          1,
          1,
          null,
          1,
          16,
          null,
          null,
          1,
          5,
          5,
          null,
          null,
          1,
          5,
          5,
          3,
          null,
          2,
          2,
          null,
          null,
          null,
          1,
          5,
          5,
          null,
          null,
          1,
          5,
          5,
          3,
          null,
          2,
          2,
          null,
          null,
          null,
          1,
          null,
          1,
          46,
          null,
          null,
          1,
          10,
          null,
          null
        ]
      },
      "/home/maricruiz/campuscode/project/app/controllers/client_admin/pix_register_options_controller.rb": {
        "lines": [
          1,
          1,
          1,
          1,
          1,
          1,
          1,
          1,
          null,
          1,
          3,
          null,
          null,
          1,
          3,
          3,
          3,
          1,
          1,
          null,
          2,
          null,
          null,
          null,
          1,
          null,
          1,
          3,
          1,
          null,
          null,
          2,
          null,
          null,
          null,
          1,
          1,
          1,
          1,
          1,
          1,
          1,
          null,
          null,
          null,
          1,
          null,
          1,
          18,
          5,
          null,
          null,
          null,
          null,
          1,
          6,
          null,
          null,
          1,
          7,
          null,
          null,
          1,
          12,
          null,
          null,
          1,
          12,
          null,
          null,
          1,
          13,
          null,
          null,
          1,
          3,
          3,
          3,
          3,
          null,
          null,
          1,
          6,
          6,
          6,
          6,
          6,
          594,
          594,
          null,
          null,
          null,
          null
        ]
      },
      "/home/maricruiz/campuscode/project/app/controllers/client_admin/products_controller.rb": {
        "lines": [
          1,
          1,
          1,
          null,
          1,
          16,
          16,
          null,
          null,
          1,
          12,
          12,
          null,
          null,
          1,
          6,
          6,
          null,
          null,
          1,
          6,
          6,
          6,
          2,
          null,
          null,
          4,
          null,
          null,
          null,
          1,
          6,
          6,
          null,
          null,
          1,
          6,
          6,
          6,
          2,
          null,
          null,
          4,
          null,
          null,
          null,
          1,
          1,
          1,
          1,
          1,
          1,
          1,
          null,
          null,
          1,
          null,
          1,
          60,
          7,
          null,
          null,
          null,
          null,
          1,
          12,
          null,
          null
        ]
      },
      "/home/maricruiz/campuscode/project/app/controllers/clients/products_controller.rb": {
        "lines": [
          1,
          1,
          1,
          null,
          1,
          16,
          16,
          null,
          null,
          1,
          12,
          12,
          null,
          null,
          1,
          6,
          6,
          null,
          null,
          1,
          6,
          6,
          6,
          2,
          null,
          4,
          null,
          null,
          null,
          1,
          6,
          6,
          null,
          null,
          1,
          6,
          6,
          6,
          2,
          null,
          null,
          4,
          null,
          null,
          null,
          1,
          1,
          1,
          1,
          1,
          1,
          1,
          null,
          null,
          1,
          null,
          1,
          60,
          null,
          null,
          1,
          12,
          null,
          null
        ]
      },
      "/home/maricruiz/campuscode/project/app/controllers/home_controller.rb": {
        "lines": [
          1,
          1,
          1,
          null,
          1,
          131,
          null,
          108,
          108,
          108,
          null,
          null,
          1,
          null,
          1,
          131,
          108,
          108,
          108,
          108,
          106,
          77,
          null,
          null,
          null,
          null,
          1,
          131,
          38,
          38,
          1,
          1,
          null,
          null,
          null,
          null
        ]
      },
      "/home/maricruiz/campuscode/project/app/controllers/receipts_controller.rb": {
        "lines": [
          1,
          1,
          4,
          2,
          2,
          2,
          2,
          null,
          null,
          null,
          null,
          1,
          2,
          2,
          2,
          null,
          null
        ]
      },
      "/home/maricruiz/campuscode/project/app/controllers/clients/companies_controller.rb": {
        "lines": [
          1,
          1,
          1,
          null,
          1,
          22,
          null,
          null,
          1,
          1,
          1,
          1,
          1,
          1,
          null,
          null,
          1,
          null,
          1,
          25,
          null,
          null
        ]
      },
      "/home/maricruiz/campuscode/project/app/controllers/clients/charges_controller.rb": {
        "lines": [
          1,
          1,
          1,
          1,
          null,
          1,
          1,
          1,
          1,
          null,
          null,
          1,
          1,
          1,
          null,
          null,
          1,
          4,
          4,
          4,
          4,
          null,
          null,
          1,
          null,
          1,
          9,
          null,
          null,
          1,
          6,
          6,
          4,
          4,
          4,
          20,
          20,
          null,
          null,
          null,
          null
        ]
      },
      "/home/maricruiz/campuscode/project/app/controllers/client_admin/payment_options_controller.rb": {
        "lines": [
          1,
          1,
          1,
          null,
          1,
          12,
          12,
          null,
          null,
          1,
          null,
          1,
          13,
          1,
          null,
          null,
          null,
          null
        ]
      }
    },
    "timestamp": 1629842706
  }
}
